{"level":"DEBUG","timestamp":"2018-07-01 10:34:19.535","file":"apiserver/main.go:52","msg":"Start to listening the incoming requests on http address: :6663"}
{"level":"DEBUG","timestamp":"2018-07-01 10:34:20.043","file":"apiserver/main.go:49","msg":"The router has been deployed successfully."}
{"level":"DEBUG","timestamp":"2018-07-01 10:34:40.599","file":"config/config.go:37","msg":"Config file changed: C:\\Users\\jinwen.luo\\go\\src\\github.com\\sivdead\\apiserver\\conf\\config.yaml"}
{"level":"DEBUG","timestamp":"2018-07-01 10:34:54.935","file":"config/config.go:37","msg":"Config file changed: C:\\Users\\jinwen.luo\\go\\src\\github.com\\sivdead\\apiserver\\conf\\config.yaml"}
{"level":"DEBUG","timestamp":"2018-07-01 10:37:19.539","file":"config/config.go:37","msg":"Config file changed: C:\\Users\\jinwen.luo\\go\\src\\github.com\\sivdead\\apiserver\\conf\\config.yaml"}
{"level":"DEBUG","timestamp":"2018-07-01 10:37:30.068","file":"config/config.go:37","msg":"Config file changed: C:\\Users\\jinwen.luo\\go\\src\\github.com\\sivdead\\apiserver\\conf\\config.yaml"}
{"level":"DEBUG","timestamp":"2018-07-01 10:37:37.731","file":"config/config.go:37","msg":"Config file changed: C:\\Users\\jinwen.luo\\go\\src\\github.com\\sivdead\\apiserver\\conf\\config.yaml"}
{"level":"DEBUG","timestamp":"2018-07-01 10:38:08.752","file":"config/config.go:37","msg":"Config file changed: C:\\Users\\jinwen.luo\\go\\src\\github.com\\sivdead\\apiserver\\conf\\config.yaml"}
{"level":"DEBUG","timestamp":"2018-07-01 10:38:12.565","file":"config/config.go:37","msg":"Config file changed: C:\\Users\\jinwen.luo\\go\\src\\github.com\\sivdead\\apiserver\\conf\\config.yaml"}
{"level":"DEBUG","timestamp":"2018-07-01 10:38:23.205","file":"config/config.go:37","msg":"Config file changed: C:\\Users\\jinwen.luo\\go\\src\\github.com\\sivdead\\apiserver\\conf\\config.yaml"}
{"level":"DEBUG","timestamp":"2018-07-01 11:21:29.441","file":"config/config.go:37","msg":"Config file changed: C:\\Users\\jinwen.luo\\go\\src\\github.com\\sivdead\\apiserver\\conf\\config.yaml"}
{"level":"DEBUG","timestamp":"2018-07-01 11:21:45.765","file":"config/config.go:37","msg":"Config file changed: C:\\Users\\jinwen.luo\\go\\src\\github.com\\sivdead\\apiserver\\conf\\config.yaml"}
{"level":"ERROR","timestamp":"2018-07-01 11:28:24.570","file":"model/init.go:35","msg":"Database connection failed. Database name: db_apiserver","data":{"error":"sql: unknown driver \"mysql\" (forgotten import?)"}}
{"level":"ERROR","timestamp":"2018-07-01 11:29:21.034","file":"model/init.go:35","msg":"Database connection failed. Database name: db_apiserver","data":{"error":"sql: unknown driver \"mysql\" (forgotten import?)"}}
{"level":"ERROR","timestamp":"2018-07-01 11:44:26.649","file":"model/init.go:36","msg":"Database connection failed. Database name: db_apiserver","data":{"error":"Error 1049: Unknown database 'db_apiserver'"}}
{"level":"ERROR","timestamp":"2018-07-01 11:44:27.859","file":"model/init.go:36","msg":"Database connection failed. Database name: db_apiserver","data":{"error":"Error 1049: Unknown database 'db_apiserver'"}}
{"level":"DEBUG","timestamp":"2018-07-01 11:44:27.860","file":"apiserver/main.go:57","msg":"Start to listening the incoming requests on http address: :6663"}
{"level":"DEBUG","timestamp":"2018-07-01 11:44:28.361","file":"apiserver/main.go:54","msg":"The router has been deployed successfully."}
{"level":"DEBUG","timestamp":"2018-07-01 11:45:21.595","file":"apiserver/main.go:57","msg":"Start to listening the incoming requests on http address: :6663"}
{"level":"DEBUG","timestamp":"2018-07-01 11:45:22.097","file":"apiserver/main.go:54","msg":"The router has been deployed successfully."}
{"level":"DEBUG","timestamp":"2018-07-01 13:33:26.387","file":"apiserver/main.go:57","msg":"Start to listening the incoming requests on http address: :6663"}
{"level":"DEBUG","timestamp":"2018-07-01 13:33:26.898","file":"apiserver/main.go:54","msg":"The router has been deployed successfully."}
{"level":"DEBUG","timestamp":"2018-07-01 13:38:22.068","file":"user/create.go:24","msg":"username is [123], password is []"}
{"level":"DEBUG","timestamp":"2018-07-01 13:43:00.678","file":"user/create.go:24","msg":"username is [], password is []"}
{"level":"ERROR","timestamp":"2018-07-01 13:43:00.678","file":"user/create.go:27","msg":"Get an error","data":{"error":"Err - code: 20102, message: The user was not found. This is a add message, error: username can not be found in db"}}
{"level":"DEBUG","timestamp":"2018-07-01 13:43:28.700","file":"user/create.go:24","msg":"username is [], password is [123]"}
{"level":"ERROR","timestamp":"2018-07-01 13:43:28.700","file":"user/create.go:27","msg":"Get an error","data":{"error":"Err - code: 20102, message: The user was not found. This is a add message, error: username can not be found in db"}}
{"level":"DEBUG","timestamp":"2018-07-01 13:44:15.994","file":"apiserver/main.go:57","msg":"Start to listening the incoming requests on http address: :6663"}
{"level":"DEBUG","timestamp":"2018-07-01 13:44:16.500","file":"apiserver/main.go:54","msg":"The router has been deployed successfully."}
{"level":"DEBUG","timestamp":"2018-07-01 13:44:35.461","file":"user/create.go:24","msg":"username is [], password is [123]"}
{"level":"ERROR","timestamp":"2018-07-01 13:44:58.047","file":"user/create.go:27","msg":"Get an error","data":{"error":"Err - code: 20102, message: The user was not found. This is a add message, error: username can not be found in db"}}
{"level":"DEBUG","timestamp":"2018-07-01 13:48:59.001","file":"user/create.go:24","msg":"username is [123], password is []"}
{"level":"DEBUG","timestamp":"2018-07-01 13:49:25.771","file":"user/create.go:24","msg":"username is [], password is []"}
{"level":"ERROR","timestamp":"2018-07-01 13:49:25.771","file":"user/create.go:27","msg":"Get an error","data":{"error":"Err - code: 20102, message: The user was not found. This is a add message, error: username can not be found in db"}}
{"level":"DEBUG","timestamp":"2018-07-01 13:49:29.481","file":"user/create.go:24","msg":"username is [], password is [123]"}
{"level":"ERROR","timestamp":"2018-07-01 13:49:29.481","file":"user/create.go:27","msg":"Get an error","data":{"error":"Err - code: 20102, message: The user was not found. This is a add message, error: username can not be found in db"}}
{"level":"DEBUG","timestamp":"2018-07-01 13:50:21.455","file":"user/create.go:24","msg":"username is [], password is [123]"}
{"level":"ERROR","timestamp":"2018-07-01 13:50:21.455","file":"user/create.go:27","msg":"Get an error","data":{"error":"Err - code: 20102, message: The user was not found. This is a add message, error: username can not be found in db"}}
{"level":"DEBUG","timestamp":"2018-07-01 13:50:39.940","file":"user/create.go:24","msg":"username is [], password is [123]"}
{"level":"ERROR","timestamp":"2018-07-01 13:50:54.839","file":"user/create.go:27","msg":"Get an error","data":{"error":"Err - code: 20102, message: The user was not found. This is a add message, error: username can not be found in db"}}
{"level":"DEBUG","timestamp":"2018-07-01 13:57:46.187","file":"user/create.go:24","msg":"username is [], password is [123]"}
{"level":"ERROR","timestamp":"2018-07-01 13:57:52.115","file":"user/create.go:27","msg":"Get an error","data":{"error":"Err - code: 20102, message: The user was not found. This is a add message, error: username can not be found in db"}}
{"level":"DEBUG","timestamp":"2018-07-01 13:58:15.364","file":"user/create.go:24","msg":"username is [], password is [123]"}
{"level":"ERROR","timestamp":"2018-07-01 13:58:15.365","file":"user/create.go:27","msg":"Get an error","data":{"error":"Err - code: 20102, message: The user was not found. This is a add message, error: username can not be found in db"}}
{"level":"DEBUG","timestamp":"2018-07-01 13:58:31.998","file":"user/create.go:24","msg":"username is [], password is [123]"}
{"level":"ERROR","timestamp":"2018-07-01 13:58:39.587","file":"user/create.go:27","msg":"Get an error","data":{"error":"Err - code: 20102, message: The user was not found. This is a add message, error: username can not be found in db"}}
{"level":"DEBUG","timestamp":"2018-07-01 14:04:56.737","file":"user/create.go:24","msg":"username is [], password is [123]"}
{"level":"ERROR","timestamp":"2018-07-01 14:05:34.862","file":"user/create.go:27","msg":"Get an error","data":{"error":"Err - code: 20102, message: The user was not found. This is a add message, error: username can not be found in db"}}
{"level":"DEBUG","timestamp":"2018-07-01 14:07:27.921","file":"user/create.go:24","msg":"username is [], password is [123]"}
{"level":"ERROR","timestamp":"2018-07-01 14:07:27.921","file":"user/create.go:27","msg":"Get an error","data":{"error":"Err - code: 20102, message: The user was not found. This is a add message, error: username can not be found in db"}}
{"level":"DEBUG","timestamp":"2018-07-01 14:07:38.021","file":"apiserver/main.go:57","msg":"Start to listening the incoming requests on http address: :6663"}
{"level":"DEBUG","timestamp":"2018-07-01 14:07:38.523","file":"apiserver/main.go:54","msg":"The router has been deployed successfully."}
{"level":"DEBUG","timestamp":"2018-07-01 14:07:43.134","file":"user/create.go:24","msg":"username is [], password is [123]"}
{"level":"ERROR","timestamp":"2018-07-01 14:07:43.134","file":"user/create.go:27","msg":"Get an error","data":{"error":"Err - code: 20102, message: The user was not found. This is a add message, error: username can not be found in db"}}
{"level":"DEBUG","timestamp":"2018-07-01 14:07:43.134","file":"user/create.go:31","msg":"err type is ErrUserNotFound"}
{"level":"DEBUG","timestamp":"2018-07-01 16:40:01.741","file":"apiserver/main.go:57","msg":"Start to listening the incoming requests on http address: :6663"}
{"level":"DEBUG","timestamp":"2018-07-01 16:40:02.242","file":"apiserver/main.go:54","msg":"The router has been deployed successfully."}
{"level":"INFO","timestamp":"2018-07-01 16:40:26.416","file":"user/create.go:22","msg":"URL username: "}
{"level":"INFO","timestamp":"2018-07-01 16:40:26.416","file":"user/create.go:25","msg":"URL key param desc: "}
{"level":"INFO","timestamp":"2018-07-01 16:40:26.416","file":"user/create.go:28","msg":"Header Content-type: application/json"}
{"level":"DEBUG","timestamp":"2018-07-01 16:40:26.416","file":"user/create.go:30","msg":"username is [], password is [123]"}
{"level":"INFO","timestamp":"2018-07-01 16:41:00.005","file":"user/create.go:22","msg":"URL username: "}
{"level":"INFO","timestamp":"2018-07-01 16:41:00.005","file":"user/create.go:25","msg":"URL key param desc: "}
{"level":"INFO","timestamp":"2018-07-01 16:41:00.005","file":"user/create.go:28","msg":"Header Content-type: application/json"}
{"level":"DEBUG","timestamp":"2018-07-01 16:41:00.005","file":"user/create.go:30","msg":"username is [], password is [123]"}
{"level":"DEBUG","timestamp":"2018-07-01 16:42:56.418","file":"apiserver/main.go:57","msg":"Start to listening the incoming requests on http address: :6663"}
{"level":"DEBUG","timestamp":"2018-07-01 16:42:56.920","file":"apiserver/main.go:54","msg":"The router has been deployed successfully."}
{"level":"INFO","timestamp":"2018-07-01 16:46:19.025","file":"user/create.go:22","msg":"URL username: admin2"}
{"level":"INFO","timestamp":"2018-07-01 16:46:19.025","file":"user/create.go:25","msg":"URL key param desc: "}
{"level":"INFO","timestamp":"2018-07-01 16:46:19.025","file":"user/create.go:28","msg":"Header Content-type: application/json"}
{"level":"DEBUG","timestamp":"2018-07-01 16:46:19.025","file":"user/create.go:30","msg":"username is [admin], password is [admin]"}
{"level":"INFO","timestamp":"2018-07-01 17:52:08.345","file":"user/create.go:22","msg":"URL username: admin2"}
{"level":"INFO","timestamp":"2018-07-01 17:52:08.345","file":"user/create.go:25","msg":"URL key param desc: "}
{"level":"INFO","timestamp":"2018-07-01 17:52:08.345","file":"user/create.go:28","msg":"Header Content-type: application/json"}
{"level":"DEBUG","timestamp":"2018-07-01 17:52:08.346","file":"user/create.go:30","msg":"username is [admin], password is [admin]"}
{"level":"DEBUG","timestamp":"2018-07-01 17:54:07.533","file":"apiserver/main.go:57","msg":"Start to listening the incoming requests on http address: :6663"}
{"level":"DEBUG","timestamp":"2018-07-01 17:54:08.036","file":"apiserver/main.go:54","msg":"The router has been deployed successfully."}
{"level":"INFO","timestamp":"2018-07-01 17:54:13.423","file":"user/create.go:22","msg":"URL username: admin2"}
{"level":"DEBUG","timestamp":"2018-07-01 17:54:35.488","file":"apiserver/main.go:57","msg":"Start to listening the incoming requests on http address: :6663"}
{"level":"DEBUG","timestamp":"2018-07-01 17:54:35.991","file":"apiserver/main.go:54","msg":"The router has been deployed successfully."}
{"level":"INFO","timestamp":"2018-07-01 17:54:38.547","file":"user/create.go:22","msg":"URL username: admin2"}
{"level":"INFO","timestamp":"2018-07-01 17:55:29.504","file":"user/create.go:25","msg":"URL key param desc: "}
{"level":"INFO","timestamp":"2018-07-01 17:55:29.504","file":"user/create.go:28","msg":"Header Content-type: application/json"}
{"level":"DEBUG","timestamp":"2018-07-01 17:55:29.504","file":"user/create.go:30","msg":"username is [admin], password is [admin]"}
{"level":"INFO","timestamp":"2018-07-01 23:05:58.642","file":"user/create.go:22","msg":"URL username: admin2"}
{"level":"INFO","timestamp":"2018-07-01 23:05:58.642","file":"user/create.go:25","msg":"URL key param desc: "}
{"level":"INFO","timestamp":"2018-07-01 23:05:58.642","file":"user/create.go:28","msg":"Header Content-type: application/json"}
{"level":"DEBUG","timestamp":"2018-07-01 23:05:58.642","file":"user/create.go:30","msg":"username is [admin], password is [admin]"}
{"level":"INFO","timestamp":"2018-07-01 23:24:44.865","file":"user/create.go:22","msg":"URL username: admin2"}
{"level":"INFO","timestamp":"2018-07-01 23:24:44.866","file":"user/create.go:25","msg":"URL key param desc: "}
{"level":"INFO","timestamp":"2018-07-01 23:24:44.866","file":"user/create.go:28","msg":"Header Content-type: application/json"}
{"level":"DEBUG","timestamp":"2018-07-01 23:24:44.866","file":"user/create.go:30","msg":"username is [], password is [admin]"}
{"level":"DEBUG","timestamp":"2018-07-01 23:30:24.344","file":"apiserver/main.go:57","msg":"Start to listening the incoming requests on http address: :6663"}
{"level":"DEBUG","timestamp":"2018-07-01 23:30:24.846","file":"apiserver/main.go:54","msg":"The router has been deployed successfully."}
{"level":"INFO","timestamp":"2018-07-01 23:30:31.664","file":"user/create.go:22","msg":"URL username: admin2"}
{"level":"INFO","timestamp":"2018-07-01 23:30:31.664","file":"user/create.go:25","msg":"URL key param desc: test"}
{"level":"INFO","timestamp":"2018-07-01 23:30:31.664","file":"user/create.go:28","msg":"Header Content-type: application/json"}
{"level":"DEBUG","timestamp":"2018-07-01 23:30:31.664","file":"user/create.go:30","msg":"username is [admin], password is [admin]"}
{"level":"DEBUG","timestamp":"2018-07-02 00:16:25.353","file":"apiserver/main.go:54","msg":"The router has been deployed successfully."}
{"level":"DEBUG","timestamp":"2018-07-02 00:16:25.351","file":"apiserver/main.go:57","msg":"Start to listening the incoming requests on http address: :6663"}
{"level":"DEBUG","timestamp":"2018-07-02 00:16:25.393","file":"apiserver/main.go:58","msg":"listen tcp :6663: bind: Only one usage of each socket address (protocol/network address/port) is normally permitted."}
{"level":"DEBUG","timestamp":"2018-07-02 00:25:09.510","file":"apiserver/main.go:57","msg":"Start to listening the incoming requests on http address: :6663"}
{"level":"DEBUG","timestamp":"2018-07-02 00:25:10.012","file":"apiserver/main.go:54","msg":"The router has been deployed successfully."}
{"level":"INFO","timestamp":"2018-07-02 00:25:17.291","file":"user/create.go:15","msg":"User Create function called.","data":{"X-Request-Id":""}}
{"level":"DEBUG","timestamp":"2018-07-02 00:27:01.472","file":"apiserver/main.go:57","msg":"Start to listening the incoming requests on http address: :6663"}
{"level":"DEBUG","timestamp":"2018-07-02 00:27:01.974","file":"apiserver/main.go:54","msg":"The router has been deployed successfully."}
{"level":"INFO","timestamp":"2018-07-02 00:27:04.203","file":"user/create.go:15","msg":"User Create function called.","data":{"X-Request-Id":""}}
{"level":"INFO","timestamp":"2018-07-02 00:27:22.952","file":"user/create.go:15","msg":"User Create function called.","data":{"X-Request-Id":""}}
{"level":"DEBUG","timestamp":"2018-07-02 00:28:42.248","file":"apiserver/main.go:57","msg":"Start to listening the incoming requests on http address: :6663"}
{"level":"DEBUG","timestamp":"2018-07-02 00:28:42.751","file":"apiserver/main.go:54","msg":"The router has been deployed successfully."}
{"level":"INFO","timestamp":"2018-07-02 00:28:53.601","file":"user/create.go:15","msg":"User Create function called.","data":{"X-Request-Id":""}}
{"level":"ERROR","timestamp":"2018-07-02 00:28:57.045","file":"user/create.go:40","msg":"create user error","data":{"error":"Error 1062: Duplicate entry 'admin' for key 'username'"}}
{"level":"INFO","timestamp":"2018-07-02 00:29:13.808","file":"user/create.go:15","msg":"User Create function called.","data":{"X-Request-Id":""}}
